Build started 14/11/2015 00:23:51.
     1>Project "D:\Data\Projects\Platformer\Platformer\SDL2-2.0.3\VisualC\SDL\SDL_VS2013.vcxproj" on node 2 (Build target(s)).
     1>ClCompile:
         C:\Program Files (x86)\Microsoft Visual Studio 14.0\VC\bin\CL.exe /c /I..\..\include /I\Include /ZI /nologo /W3 /WX- /Od /Oy- /D _DEBUG /D _WINDOWS /D _VC80_UPGRADE=0x0700 /D _WINDLL /Gm- /MDd /GS- /arch:SSE /fp:precise /Zc:wchar_t /Zc:forScope /Zc:inline /Fo"Win32\Debug\\" /Fd"Win32\Debug\vc140.pdb" /Gd /TC /analyze- /errorReport:prompt ..\..\src\core\windows\SDL_windows.c ..\..\src\dynapi\SDL_dynapi.c ..\..\src\events\SDL_clipboardevents.c ..\..\src\events\SDL_gesture.c ..\..\src\events\SDL_touch.c ..\..\src\libm\e_atan2.c ..\..\src\libm\e_log.c ..\..\src\libm\e_pow.c ..\..\src\libm\e_rem_pio2.c ..\..\src\libm\e_sqrt.c ..\..\src\libm\k_cos.c ..\..\src\libm\k_rem_pio2.c ..\..\src\libm\k_sin.c ..\..\src\libm\s_atan.c ..\..\src\libm\s_copysign.c ..\..\src\libm\s_cos.c ..\..\src\libm\s_fabs.c ..\..\src\libm\s_floor.c ..\..\src\libm\s_scalbn.c ..\..\src\libm\s_sin.c ..\..\src\render\direct3d11\SDL_render_d3d11.c ..\..\src\render\direct3d\SDL_render_d3d.c ..\..\src\render\opengles2\SDL_render_gles2.c ..\..\src\render\opengles2\SDL_shaders_gles2.c ..\..\src\render\opengl\SDL_render_gl.c ..\..\src\render\opengl\SDL_shaders_gl.c ..\..\src\render\SDL_d3dmath.c ..\..\src\render\SDL_render.c ..\..\src\render\SDL_yuv_mmx.c ..\..\src\render\SDL_yuv_sw.c ..\..\src\render\software\SDL_blendfillrect.c ..\..\src\render\software\SDL_blendline.c ..\..\src\render\software\SDL_blendpoint.c ..\..\src\render\software\SDL_drawline.c ..\..\src\render\software\SDL_drawpoint.c ..\..\src\render\software\SDL_render_sw.c ..\..\src\render\software\SDL_rotate.c ..\..\src\SDL.c ..\..\src\SDL_assert.c ..\..\src\atomic\SDL_atomic.c ..\..\src\atomic\SDL_spinlock.c ..\..\src\audio\SDL_audio.c ..\..\src\audio\SDL_audiocvt.c ..\..\src\audio\SDL_audiodev.c ..\..\src\audio\SDL_audiotypecvt.c ..\..\src\SDL_hints.c ..\..\src\SDL_log.c ..\..\src\video\dummy\SDL_nullframebuffer.c ..\..\src\video\SDL_blit.c ..\..\src\video\SDL_blit_0.c ..\..\src\video\SDL_blit_1.c ..\..\src\video\SDL_blit_A.c ..\..\src\video\SDL_blit_auto.c ..\..\src\video\SDL_blit_copy.c ..\..\src\video\SDL_blit_N.c ..\..\src\video\SDL_blit_slow.c ..\..\src\video\SDL_bmp.c ..\..\src\cpuinfo\SDL_cpuinfo.c ..\..\src\video\SDL_clipboard.c ..\..\src\video\SDL_egl.c ..\..\src\video\SDL_shape.c ..\..\src\audio\winmm\SDL_winmm.c ..\..\src\audio\disk\SDL_diskaudio.c ..\..\src\audio\dummy\SDL_dummyaudio.c ..\..\src\audio\directsound\SDL_directsound.c ..\..\src\events\SDL_dropevents.c ..\..\src\audio\xaudio2\SDL_xaudio2.c ..\..\src\joystick\windows\SDL_dxjoystick.c ..\..\src\SDL_error.c ..\..\src\events\SDL_events.c ..\..\src\video\SDL_fillrect.c ..\..\src\stdlib\SDL_getenv.c ..\..\src\haptic\SDL_haptic.c ..\..\src\stdlib\SDL_iconv.c ..\..\src\joystick\SDL_joystick.c ..\..\src\events\SDL_keyboard.c ..\..\src\stdlib\SDL_malloc.c ..\..\src\audio\SDL_mixer.c ..\..\src\joystick\windows\SDL_mmjoystick.c ..\..\src\events\SDL_mouse.c ..\..\src\video\dummy\SDL_nullevents.c ..\..\src\video\dummy\SDL_nullvideo.c ..\..\src\video\SDL_pixels.c ..\..\src\power\SDL_power.c ..\..\src\stdlib\SDL_qsort.c ..\..\src\events\SDL_quit.c ..\..\src\video\SDL_rect.c ..\..\src\video\SDL_RLEaccel.c ..\..\src\file\SDL_rwops.c ..\..\src\stdlib\SDL_stdlib.c ..\..\src\video\SDL_stretch.c ..\..\src\stdlib\SDL_string.c ..\..\src\video\SDL_surface.c ..\..\src\thread\generic\SDL_syscond.c ..\..\src\filesystem\windows\SDL_sysfilesystem.c ..\..\src\haptic\windows\SDL_syshaptic.c ..\..\src\loadso\windows\SDL_sysloadso.c ..\..\src\thread\windows\SDL_sysmutex.c ..\..\src\power\windows\SDL_syspower.c ..\..\src\thread\windows\SDL_syssem.c ..\..\src\thread\windows\SDL_systhread.c ..\..\src\thread\windows\SDL_systls.c ..\..\src\timer\windows\SDL_systimer.c ..\..\src\thread\SDL_thread.c ..\..\src\timer\SDL_timer.c ..\..\src\video\SDL_video.c ..\..\src\audio\SDL_wave.c ..\..\src\video\windows\SDL_windowsclipboard.c ..\..\src\video\windows\SDL_windowsevents.c ..\..\src\video\windows\SDL_windowsframebuffer.c ..\..\src\video\windows\SDL_windowskeyboard.c ..\..\src\video\windows\SDL_windowsmessagebox.c ..\..\src\video\windows\SDL_windowsmodes.c ..\..\src\video\windows\SDL_windowsmouse.c ..\..\src\video\windows\SDL_windowsopengl.c ..\..\src\video\windows\SDL_windowsopengles.c ..\..\src\video\windows\SDL_windowsshape.c ..\..\src\video\windows\SDL_windowsvideo.c ..\..\src\video\windows\SDL_windowswindow.c ..\..\src\events\SDL_windowevents.c ..\..\src\joystick\SDL_gamecontroller.c
         SDL_windows.c
         SDL_dynapi.c
         SDL_clipboardevents.c
         SDL_gesture.c
         SDL_touch.c
         e_atan2.c
         e_log.c
         e_pow.c
         e_rem_pio2.c
         e_sqrt.c
         k_cos.c
         k_rem_pio2.c
         k_sin.c
         s_atan.c
         s_copysign.c
         s_cos.c
         s_fabs.c
         s_floor.c
         s_scalbn.c
         s_sin.c
         Generating Code...
         Compiling...
         SDL_render_d3d11.c
         SDL_render_d3d.c
         SDL_render_gles2.c
         SDL_shaders_gles2.c
         SDL_render_gl.c
         SDL_shaders_gl.c
         SDL_d3dmath.c
         SDL_render.c
         SDL_yuv_mmx.c
         SDL_yuv_sw.c
         SDL_blendfillrect.c
         SDL_blendline.c
         SDL_blendpoint.c
         SDL_drawline.c
         SDL_drawpoint.c
         SDL_render_sw.c
         SDL_rotate.c
         SDL.c
         SDL_assert.c
         SDL_atomic.c
         Generating Code...
         Compiling...
         SDL_spinlock.c
         SDL_audio.c
         SDL_audiocvt.c
         SDL_audiodev.c
         SDL_audiotypecvt.c
         SDL_hints.c
         SDL_log.c
         SDL_nullframebuffer.c
         SDL_blit.c
         SDL_blit_0.c
         SDL_blit_1.c
         SDL_blit_A.c
         SDL_blit_auto.c
         SDL_blit_copy.c
         SDL_blit_N.c
         SDL_blit_slow.c
         SDL_bmp.c
         SDL_cpuinfo.c
         SDL_clipboard.c
         SDL_egl.c
         Generating Code...
         Compiling...
         SDL_shape.c
         SDL_winmm.c
         SDL_diskaudio.c
         SDL_dummyaudio.c
         SDL_directsound.c
         SDL_dropevents.c
         SDL_xaudio2.c
     1>d:\data\projects\platformer\platformer\sdl2-2.0.3\src\audio\xaudio2\sdl_xaudio2.c(68): fatal error C1083: Cannot open include file: 'dxsdkver.h': No such file or directory
         SDL_dxjoystick.c
         SDL_error.c
         SDL_events.c
         SDL_fillrect.c
         SDL_getenv.c
         SDL_haptic.c
         SDL_iconv.c
         SDL_joystick.c
         SDL_keyboard.c
         SDL_malloc.c
         SDL_mixer.c
         SDL_mmjoystick.c
         SDL_mouse.c
         Generating Code...
         Compiling...
         SDL_nullevents.c
         SDL_nullvideo.c
         SDL_pixels.c
         SDL_power.c
         SDL_qsort.c
         SDL_quit.c
         SDL_rect.c
         SDL_RLEaccel.c
         SDL_rwops.c
         SDL_stdlib.c
         SDL_stretch.c
         SDL_string.c
         SDL_surface.c
         SDL_syscond.c
         SDL_sysfilesystem.c
         SDL_syshaptic.c
         SDL_sysloadso.c
         SDL_sysmutex.c
         SDL_syspower.c
         SDL_syssem.c
         Generating Code...
         Compiling...
         SDL_systhread.c
         SDL_systls.c
         SDL_systimer.c
         SDL_thread.c
         SDL_timer.c
         SDL_video.c
         SDL_wave.c
         SDL_windowsclipboard.c
         SDL_windowsevents.c
         SDL_windowsframebuffer.c
         SDL_windowskeyboard.c
     1>d:\data\projects\platformer\platformer\sdl2-2.0.3\src\video\windows\sdl_windowskeyboard.c(396): warning C4996: 'GetVersionExA': was declared deprecated
         c:\program files (x86)\windows kits\8.1\include\um\sysinfoapi.h(433): note: see declaration of 'GetVersionExA'
         SDL_windowsmessagebox.c
         SDL_windowsmodes.c
         SDL_windowsmouse.c
         SDL_windowsopengl.c
         SDL_windowsopengles.c
         SDL_windowsshape.c
         SDL_windowsvideo.c
         SDL_windowswindow.c
         SDL_windowevents.c
         Generating Code...
         Compiling...
         SDL_gamecontroller.c
         Generating Code...
     1>Done Building Project "D:\Data\Projects\Platformer\Platformer\SDL2-2.0.3\VisualC\SDL\SDL_VS2013.vcxproj" (Build target(s)) -- FAILED.

Build FAILED.

Time Elapsed 00:00:13.34
